Microsoft ScanDisk


Log file generated at 12:30AM on Monday, October 18, 1999.

ScanDisk checked drive C for problems, with the following results:

Directory structure

         ScanDisk did not find any problems.
     
File allocation table

         ScanDisk did not find any problems.
     
File system

         ScanDisk did not find any problems.
     
Surface scan

         ScanDisk did not perform any tests.
     


ScanDisk checked drive D for problems, with the following results:

Directory structure

         ScanDisk did not find any problems.
     
File allocation table

         ScanDisk did not find any problems.
     
File system

         ScanDisk did not find any problems.
     
Surface scan

         ScanDisk did not perform any tests.
     


ScanDisk checked drive E for problems, with the following results:

Directory structure

         ScanDisk did not find any problems.
     
File allocation table

         ScanDisk did not find any problems.
     
File system

         ScanDisk did not find any problems.
     
Surface scan

         ScanDisk did not perform any tests.
     


Microsoft ScanDisk


Log file generated at 05:48PM on Tuesday, October 19, 1999.

ScanDisk checked drive C for problems, with the following results:

Directory structure

         ScanDisk did not find any problems.
     
File allocation table

         ScanDisk did not find any problems.
     
File system

         There were 4 lost clusters in one chain.
         ScanDisk reclaimed the lost clusters as free space.
     
Surface scan

         ScanDisk did not perform any tests.
     


ScanDisk checked drive D for problems, with the following results:

Directory structure

         ScanDisk did not find any problems.
     
File allocation table

         ScanDisk did not find any problems.
     
File system

         ScanDisk did not find any problems.
     
Surface scan

         ScanDisk did not perform any tests.
     


ScanDisk checked drive E for problems, with the following results:

Directory structure

         ScanDisk did not find any problems.
     
File allocation table

         ScanDisk did not find any problems.
     
File system

         The free space was being reported incorrectly.
         ScanDisk successfully fixed the free space count.
     
Surface scan

         ScanDisk did not perform any tests.
     
